<?xml version="1.0" encoding="UTF-8"?>
<testng-results ignored="0" total="1" passed="1" failed="0" skipped="0">
  <reporter-output>
  </reporter-output>
  <suite started-at="2021-05-14T18:39:26 IST" name="Default suite" finished-at="2021-05-14T18:40:22 IST" duration-ms="55771">
    <groups>
    </groups>
    <test started-at="2021-05-14T18:39:26 IST" name="Default test" finished-at="2021-05-14T18:40:22 IST" duration-ms="55771">
      <class name="TestCases.TC_OPENCART_003">
        <test-method is-config="true" signature="launchApp()[pri:0, instance:TestCases.TC_OPENCART_003@50b472aa]" started-at="2021-05-14T18:39:26 IST" name="launchApp" finished-at="2021-05-14T18:39:50 IST" duration-ms="23579" status="PASS">
          <reporter-output>
          </reporter-output>
        </test-method> <!-- launchApp -->
        <test-method signature="loginTest()[pri:0, instance:TestCases.TC_OPENCART_003@50b472aa]" started-at="2021-05-14T18:39:50 IST" name="loginTest" finished-at="2021-05-14T18:40:22 IST" duration-ms="32048" status="PASS">
          <reporter-output>
          </reporter-output>
        </test-method> <!-- loginTest -->
        <test-method is-config="true" signature="tearDon()[pri:0, instance:TestCases.TC_OPENCART_003@50b472aa]" started-at="2021-05-14T18:40:22 IST" name="tearDon" finished-at="2021-05-14T18:40:22 IST" duration-ms="0" status="PASS">
          <reporter-output>
          </reporter-output>
        </test-method> <!-- tearDon -->
      </class> <!-- TestCases.TC_OPENCART_003 -->
    </test> <!-- Default test -->
  </suite> <!-- Default suite -->
</testng-results>
